<?xml version="1.0" encoding="UTF-8"?>
<!-- Generated by org.testng.reporters.JUnitXMLReporter -->
<testsuite ignored="0" hostname="DESKTOP-1VT60C3" failures="0" tests="3" name="Default test" time="0.117" errors="0" timestamp="2022-05-04T19:19:36 IST">
  <testcase classname="testNG.DependenciesManagement" name="highschool" time="0.022"/>
  <testcase classname="testNG.DependenciesManagement" name="highersecondary" time="0.002"/>
  <testcase classname="testNG.DependenciesManagement" name="engineering" time="0.001"/>
</testsuite> <!-- Default test -->
