<?xml version="1.0" encoding="UTF-8"?>
<!-- Generated by org.testng.reporters.JUnitXMLReporter -->
<testsuite ignored="0" hostname="DESKTOP-1VT60C3" failures="0" tests="3" name="test case" time="2.564" errors="0" timestamp="2022-04-26T18:37:25 IST">
  <testcase classname="testNG.ParallelTestingExample" name="openyahoo" time="1.522"/>
  <testcase classname="testNG.ParallelTestingExample" name="openchrome" time="2.398"/>
  <testcase classname="testNG.ParallelTestingExample" name="openbing" time="2.509"/>
</testsuite> <!-- test case -->
