<?xml version="1.0" encoding="UTF-8"?>
<testng-results ignored="0" total="3" passed="3" failed="0" skipped="0">
  <reporter-output>
  </reporter-output>
  <suite started-at="2022-05-04T19:19:35 IST" name="Default suite" finished-at="2022-05-04T19:19:36 IST" duration-ms="117">
    <groups>
    </groups>
    <test started-at="2022-05-04T19:19:35 IST" name="Default test" finished-at="2022-05-04T19:19:36 IST" duration-ms="117">
      <class name="testNG.DependenciesManagement">
        <test-method signature="highschool()[pri:0, instance:testNG.DependenciesManagement@4ef37659]" started-at="2022-05-04T19:19:35 IST" name="highschool" finished-at="2022-05-04T19:19:36 IST" duration-ms="22" status="PASS">
          <reporter-output>
          </reporter-output>
        </test-method> <!-- highschool -->
        <test-method signature="highersecondary()[pri:0, instance:testNG.DependenciesManagement@4ef37659]" started-at="2022-05-04T19:19:36 IST" name="highersecondary" finished-at="2022-05-04T19:19:36 IST" depends-on-methods="testNG.DependenciesManagement.highschool" duration-ms="2" status="PASS">
          <reporter-output>
          </reporter-output>
        </test-method> <!-- highersecondary -->
        <test-method signature="engineering()[pri:0, instance:testNG.DependenciesManagement@4ef37659]" started-at="2022-05-04T19:19:36 IST" name="engineering" finished-at="2022-05-04T19:19:36 IST" depends-on-methods="testNG.DependenciesManagement.highersecondary" duration-ms="1" status="PASS">
          <reporter-output>
          </reporter-output>
        </test-method> <!-- engineering -->
      </class> <!-- testNG.DependenciesManagement -->
    </test> <!-- Default test -->
  </suite> <!-- Default suite -->
</testng-results>
